  Aresta.cpp
  Grafo.cpp
C:\Users\Tamandua\Documents\GitHub\PO-DEMLURB\Trabalho-PO\Trabalho-PO\Grafo.cpp(62,28): warning C4267: 'return': conversão de 'size_t' para 'int', possível perda de dados
C:\Users\Tamandua\Documents\GitHub\PO-DEMLURB\Trabalho-PO\Trabalho-PO\Grafo.cpp(67,24): warning C4267: 'return': conversão de 'size_t' para 'int', possível perda de dados
C:\Users\Tamandua\Documents\GitHub\PO-DEMLURB\Trabalho-PO\Trabalho-PO\Grafo.cpp(331,36): warning C4267: 'argumento': conversão de 'size_t' para 'int', possível perda de dados
  No.cpp
  Trabalho-PO.cpp
C:\Users\Tamandua\Documents\GitHub\PO-DEMLURB\Trabalho-PO\Trabalho-PO\Trabalho-PO.cpp(184,46): warning C4244: '=': conversão de 'double' para 'int', possível perda de dados
C:\Users\Tamandua\Documents\GitHub\PO-DEMLURB\Trabalho-PO\Trabalho-PO\Trabalho-PO.cpp(185,35): warning C4244: '+=': conversão de 'double' para 'int', possível perda de dados
  Gerando Código...
concert.lib(iloalg.obj) : warning LNK4099: PDB 'concert.pdb' não foi encontrado 'concert.lib(iloalg.obj)' ou no 'C:\Users\Tamandua\Documents\GitHub\PO-DEMLURB\Trabalho-PO\x64\Debug\concert.pdb'; vinculando objeto quando quando sem nenhuma informação de depuração
concert.lib(iloallocator.obj) : warning LNK4099: PDB 'concert.pdb' não foi encontrado 'concert.lib(iloallocator.obj)' ou no 'C:\Users\Tamandua\Documents\GitHub\PO-DEMLURB\Trabalho-PO\x64\Debug\concert.pdb'; vinculando objeto quando quando sem nenhuma informação de depuração
concert.lib(iloanyexpr.obj) : warning LNK4099: PDB 'concert.pdb' não foi encontrado 'concert.lib(iloanyexpr.obj)' ou no 'C:\Users\Tamandua\Documents\GitHub\PO-DEMLURB\Trabalho-PO\x64\Debug\concert.pdb'; vinculando objeto quando quando sem nenhuma informação de depuração
concert.lib(iloconstraint.obj) : warning LNK4099: PDB 'concert.pdb' não foi encontrado 'concert.lib(iloconstraint.obj)' ou no 'C:\Users\Tamandua\Documents\GitHub\PO-DEMLURB\Trabalho-PO\x64\Debug\concert.pdb'; vinculando objeto quando quando sem nenhuma informação de depuração
concert.lib(iloenv.obj) : warning LNK4099: PDB 'concert.pdb' não foi encontrado 'concert.lib(iloenv.obj)' ou no 'C:\Users\Tamandua\Documents\GitHub\PO-DEMLURB\Trabalho-PO\x64\Debug\concert.pdb'; vinculando objeto quando quando sem nenhuma informação de depuração
concert.lib(iloexpression.obj) : warning LNK4099: PDB 'concert.pdb' não foi encontrado 'concert.lib(iloexpression.obj)' ou no 'C:\Users\Tamandua\Documents\GitHub\PO-DEMLURB\Trabalho-PO\x64\Debug\concert.pdb'; vinculando objeto quando quando sem nenhuma informação de depuração
concert.lib(iloextractable.obj) : warning LNK4099: PDB 'concert.pdb' não foi encontrado 'concert.lib(iloextractable.obj)' ou no 'C:\Users\Tamandua\Documents\GitHub\PO-DEMLURB\Trabalho-PO\x64\Debug\concert.pdb'; vinculando objeto quando quando sem nenhuma informação de depuração
concert.lib(ilohash.obj) : warning LNK4099: PDB 'concert.pdb' não foi encontrado 'concert.lib(ilohash.obj)' ou no 'C:\Users\Tamandua\Documents\GitHub\PO-DEMLURB\Trabalho-PO\x64\Debug\concert.pdb'; vinculando objeto quando quando sem nenhuma informação de depuração
concert.lib(iloiterator.obj) : warning LNK4099: PDB 'concert.pdb' não foi encontrado 'concert.lib(iloiterator.obj)' ou no 'C:\Users\Tamandua\Documents\GitHub\PO-DEMLURB\Trabalho-PO\x64\Debug\concert.pdb'; vinculando objeto quando quando sem nenhuma informação de depuração
concert.lib(ilomap.obj) : warning LNK4099: PDB 'concert.pdb' não foi encontrado 'concert.lib(ilomap.obj)' ou no 'C:\Users\Tamandua\Documents\GitHub\PO-DEMLURB\Trabalho-PO\x64\Debug\concert.pdb'; vinculando objeto quando quando sem nenhuma informação de depuração
concert.lib(ilorandom.obj) : warning LNK4099: PDB 'concert.pdb' não foi encontrado 'concert.lib(ilorandom.obj)' ou no 'C:\Users\Tamandua\Documents\GitHub\PO-DEMLURB\Trabalho-PO\x64\Debug\concert.pdb'; vinculando objeto quando quando sem nenhuma informação de depuração
concert.lib(ilosatomi.obj) : warning LNK4099: PDB 'concert.pdb' não foi encontrado 'concert.lib(ilosatomi.obj)' ou no 'C:\Users\Tamandua\Documents\GitHub\PO-DEMLURB\Trabalho-PO\x64\Debug\concert.pdb'; vinculando objeto quando quando sem nenhuma informação de depuração
concert.lib(ilosbasic.obj) : warning LNK4099: PDB 'concert.pdb' não foi encontrado 'concert.lib(ilosbasic.obj)' ou no 'C:\Users\Tamandua\Documents\GitHub\PO-DEMLURB\Trabalho-PO\x64\Debug\concert.pdb'; vinculando objeto quando quando sem nenhuma informação de depuração
concert.lib(ilosdisplayi.obj) : warning LNK4099: PDB 'concert.pdb' não foi encontrado 'concert.lib(ilosdisplayi.obj)' ou no 'C:\Users\Tamandua\Documents\GitHub\PO-DEMLURB\Trabalho-PO\x64\Debug\concert.pdb'; vinculando objeto quando quando sem nenhuma informação de depuração
concert.lib(iloserror.obj) : warning LNK4099: PDB '' não foi encontrado 'concert.lib(iloserror.obj)' ou no ''; vinculando objeto quando quando sem nenhuma informação de depuração
concert.lib(iloset.obj) : warning LNK4099: PDB 'concert.pdb' não foi encontrado 'concert.lib(iloset.obj)' ou no 'C:\Users\Tamandua\Documents\GitHub\PO-DEMLURB\Trabalho-PO\x64\Debug\concert.pdb'; vinculando objeto quando quando sem nenhuma informação de depuração
concert.lib(ilosmodel.obj) : warning LNK4099: PDB 'concert.pdb' não foi encontrado 'concert.lib(ilosmodel.obj)' ou no 'C:\Users\Tamandua\Documents\GitHub\PO-DEMLURB\Trabalho-PO\x64\Debug\concert.pdb'; vinculando objeto quando quando sem nenhuma informação de depuração
concert.lib(ilosolution.obj) : warning LNK4099: PDB 'concert.pdb' não foi encontrado 'concert.lib(ilosolution.obj)' ou no 'C:\Users\Tamandua\Documents\GitHub\PO-DEMLURB\Trabalho-PO\x64\Debug\concert.pdb'; vinculando objeto quando quando sem nenhuma informação de depuração
concert.lib(ilossequencei.obj) : warning LNK4099: PDB 'concert.pdb' não foi encontrado 'concert.lib(ilossequencei.obj)' ou no 'C:\Users\Tamandua\Documents\GitHub\PO-DEMLURB\Trabalho-PO\x64\Debug\concert.pdb'; vinculando objeto quando quando sem nenhuma informação de depuração
concert.lib(ilossol.obj) : warning LNK4099: PDB 'concert.pdb' não foi encontrado 'concert.lib(ilossol.obj)' ou no 'C:\Users\Tamandua\Documents\GitHub\PO-DEMLURB\Trabalho-PO\x64\Debug\concert.pdb'; vinculando objeto quando quando sem nenhuma informação de depuração
concert.lib(ilosstructi.obj) : warning LNK4099: PDB 'concert.pdb' não foi encontrado 'concert.lib(ilosstructi.obj)' ou no 'C:\Users\Tamandua\Documents\GitHub\PO-DEMLURB\Trabalho-PO\x64\Debug\concert.pdb'; vinculando objeto quando quando sem nenhuma informação de depuração
concert.lib(ilostimei.obj) : warning LNK4099: PDB 'concert.pdb' não foi encontrado 'concert.lib(ilostimei.obj)' ou no 'C:\Users\Tamandua\Documents\GitHub\PO-DEMLURB\Trabalho-PO\x64\Debug\concert.pdb'; vinculando objeto quando quando sem nenhuma informação de depuração
concert.lib(ilothread.obj) : warning LNK4099: PDB 'concert.pdb' não foi encontrado 'concert.lib(ilothread.obj)' ou no 'C:\Users\Tamandua\Documents\GitHub\PO-DEMLURB\Trabalho-PO\x64\Debug\concert.pdb'; vinculando objeto quando quando sem nenhuma informação de depuração
concert.lib(ilotypes.obj) : warning LNK4099: PDB 'concert.pdb' não foi encontrado 'concert.lib(ilotypes.obj)' ou no 'C:\Users\Tamandua\Documents\GitHub\PO-DEMLURB\Trabalho-PO\x64\Debug\concert.pdb'; vinculando objeto quando quando sem nenhuma informação de depuração
concert.lib(ilocollection.obj) : warning LNK4099: PDB '' não foi encontrado 'concert.lib(ilocollection.obj)' ou no ''; vinculando objeto quando quando sem nenhuma informação de depuração
concert.lib(ilocollectioniterator.obj) : warning LNK4099: PDB 'concert.pdb' não foi encontrado 'concert.lib(ilocollectioniterator.obj)' ou no 'C:\Users\Tamandua\Documents\GitHub\PO-DEMLURB\Trabalho-PO\x64\Debug\concert.pdb'; vinculando objeto quando quando sem nenhuma informação de depuração
concert.lib(ilocollectionoperator.obj) : warning LNK4099: PDB 'concert.pdb' não foi encontrado 'concert.lib(ilocollectionoperator.obj)' ou no 'C:\Users\Tamandua\Documents\GitHub\PO-DEMLURB\Trabalho-PO\x64\Debug\concert.pdb'; vinculando objeto quando quando sem nenhuma informação de depuração
concert.lib(ilocollectionstruct.obj) : warning LNK4099: PDB 'concert.pdb' não foi encontrado 'concert.lib(ilocollectionstruct.obj)' ou no 'C:\Users\Tamandua\Documents\GitHub\PO-DEMLURB\Trabalho-PO\x64\Debug\concert.pdb'; vinculando objeto quando quando sem nenhuma informação de depuração
concert.lib(ilosimplecollection.obj) : warning LNK4099: PDB 'concert.pdb' não foi encontrado 'concert.lib(ilosimplecollection.obj)' ou no 'C:\Users\Tamandua\Documents\GitHub\PO-DEMLURB\Trabalho-PO\x64\Debug\concert.pdb'; vinculando objeto quando quando sem nenhuma informação de depuração
concert.lib(ilointervalsi.obj) : warning LNK4099: PDB 'concert.pdb' não foi encontrado 'concert.lib(ilointervalsi.obj)' ou no 'C:\Users\Tamandua\Documents\GitHub\PO-DEMLURB\Trabalho-PO\x64\Debug\concert.pdb'; vinculando objeto quando quando sem nenhuma informação de depuração
concert.lib(ilonumfunci.obj) : warning LNK4099: PDB 'concert.pdb' não foi encontrado 'concert.lib(ilonumfunci.obj)' ou no 'C:\Users\Tamandua\Documents\GitHub\PO-DEMLURB\Trabalho-PO\x64\Debug\concert.pdb'; vinculando objeto quando quando sem nenhuma informação de depuração
concert.lib(iloparami.obj) : warning LNK4099: PDB 'concert.pdb' não foi encontrado 'concert.lib(iloparami.obj)' ou no 'C:\Users\Tamandua\Documents\GitHub\PO-DEMLURB\Trabalho-PO\x64\Debug\concert.pdb'; vinculando objeto quando quando sem nenhuma informação de depuração
concert.lib(iloskiplist.obj) : warning LNK4099: PDB 'concert.pdb' não foi encontrado 'concert.lib(iloskiplist.obj)' ou no 'C:\Users\Tamandua\Documents\GitHub\PO-DEMLURB\Trabalho-PO\x64\Debug\concert.pdb'; vinculando objeto quando quando sem nenhuma informação de depuração
concert.lib(evalexpand.obj) : warning LNK4099: PDB 'concert.pdb' não foi encontrado 'concert.lib(evalexpand.obj)' ou no 'C:\Users\Tamandua\Documents\GitHub\PO-DEMLURB\Trabalho-PO\x64\Debug\concert.pdb'; vinculando objeto quando quando sem nenhuma informação de depuração
concert.lib(evalkernel.obj) : warning LNK4099: PDB 'concert.pdb' não foi encontrado 'concert.lib(evalkernel.obj)' ou no 'C:\Users\Tamandua\Documents\GitHub\PO-DEMLURB\Trabalho-PO\x64\Debug\concert.pdb'; vinculando objeto quando quando sem nenhuma informação de depuração
concert.lib(evaluator.obj) : warning LNK4099: PDB 'concert.pdb' não foi encontrado 'concert.lib(evaluator.obj)' ou no 'C:\Users\Tamandua\Documents\GitHub\PO-DEMLURB\Trabalho-PO\x64\Debug\concert.pdb'; vinculando objeto quando quando sem nenhuma informação de depuração
concert.lib(strtod.obj) : warning LNK4099: PDB 'concert.pdb' não foi encontrado 'concert.lib(strtod.obj)' ou no 'C:\Users\Tamandua\Documents\GitHub\PO-DEMLURB\Trabalho-PO\x64\Debug\concert.pdb'; vinculando objeto quando quando sem nenhuma informação de depuração
  Trabalho-PO.vcxproj -> C:\Users\Tamandua\Documents\GitHub\PO-DEMLURB\Trabalho-PO\x64\Debug\Trabalho-PO.exe
